<?xml version="1.0" encoding="UTF-8"?>
<!-- Generated by org.testng.reporters.JUnitReportReporter -->
<testsuite hostname="LAPTOP-THHT2UM9" failures="0" tests="1" name="com.crm.autodesk.contacttest.CreateContactTest" time="14.686" errors="0" timestamp="2021-12-27T16:45:13 IST" skipped="0">
  <testcase classname="com.crm.autodesk.contacttest.CreateContactTest" name="CreateContactTest" time="14.686"/>
  <system-out/>
</testsuite> <!-- com.crm.autodesk.contacttest.CreateContactTest -->
